<?xml version="1.0" encoding="UTF-8" ?>
<testsuite errors="0" tests="15" time="0.141" failures="0" name="net.sf.spindle.core.namespace.ComponentSpecificationResolverTest">
  <properties>
    <property value="Java(TM) 2 Runtime Environment, Standard Edition" name="java.runtime.name"/>
    <property value="C:\Java\jdk1.5.0_04\jre\bin" name="sun.boot.library.path"/>
    <property value="1.5.0_04-b05" name="java.vm.version"/>
    <property value="Sun Microsystems Inc." name="java.vm.vendor"/>
    <property value="http://java.sun.com/" name="java.vendor.url"/>
    <property value=";" name="path.separator"/>
    <property value="Java HotSpot(TM) Client VM" name="java.vm.name"/>
    <property value="sun.io" name="file.encoding.pkg"/>
    <property value="CA" name="user.country"/>
    <property value="Service Pack 4" name="sun.os.patch.level"/>
    <property value="Java Virtual Machine Specification" name="java.vm.specification.name"/>
    <property value="C:\ECLIPSE\project\spindle-projects\spindle-core" name="user.dir"/>
    <property value="1.5.0_04-b05" name="java.runtime.version"/>
    <property value="sun.awt.Win32GraphicsEnvironment" name="java.awt.graphicsenv"/>
    <property value="C:\ECLIPSE\project\spindle-projects\spindle-core" name="basedir"/>
    <property value="C:\Java\jdk1.5.0_04\jre\lib\endorsed" name="java.endorsed.dirs"/>
    <property value="x86" name="os.arch"/>
    <property value="C:\DOCUME~1\GLONGM~1.GLO\LOCALS~1\Temp\" name="java.io.tmpdir"/>
    <property value="
" name="line.separator"/>
    <property value="Sun Microsystems Inc." name="java.vm.specification.vendor"/>
    <property value="" name="user.variant"/>
    <property value="Windows 2000" name="os.name"/>
    <property value="C:\etc\maven\maven-2.0.1\bin\m2.conf" name="classworlds.conf"/>
    <property value="Cp1252" name="sun.jnu.encoding"/>
    <property value="C:\Java\jdk1.5.0_04\bin;.;C:\WINNT\system32;C:\WINNT;C:\WINNT\system32;C:\WINNT;C:\WINNT\System32\Wbem;C:\etc\Subversion\bin;C:\Program Files\PuTTY;C:\etc\ant\apache-ant-1.6.5\bin;c:\etc\cvs;C:\Program Files\ATI Technologies\ATI Control Panel;C:\etc\convert;C:\Program Files\Mozilla Firefox;C:\etc\maven\maven-2.0.1\bin" name="java.library.path"/>
    <property value="Java Platform API Specification" name="java.specification.name"/>
    <property value="49.0" name="java.class.version"/>
    <property value="HotSpot Client Compiler" name="sun.management.compiler"/>
    <property value="5.0" name="os.version"/>
    <property value="C:\Documents and Settings\GLONGMAN.GLONGMAN" name="user.home"/>
    <property value="America/New_York" name="user.timezone"/>
    <property value="sun.awt.windows.WPrinterJob" name="java.awt.printerjob"/>
    <property value="Cp1252" name="file.encoding"/>
    <property value="1.5" name="java.specification.version"/>
    <property value="GLONGMAN" name="user.name"/>
    <property value="C:\etc\maven\maven-2.0.1\core\boot\classworlds-1.1-alpha-2.jar" name="java.class.path"/>
    <property value="1.0" name="java.vm.specification.version"/>
    <property value="32" name="sun.arch.data.model"/>
    <property value="C:\Java\jdk1.5.0_04\jre" name="java.home"/>
    <property value="Sun Microsystems Inc." name="java.specification.vendor"/>
    <property value="en" name="user.language"/>
    <property value="sun.awt.windows.WToolkit" name="awt.toolkit"/>
    <property value="mixed mode" name="java.vm.info"/>
    <property value="1.5.0_04" name="java.version"/>
    <property value="C:\Java\jdk1.5.0_04\jre\lib\ext" name="java.ext.dirs"/>
    <property value="C:\Java\jdk1.5.0_04\jre\lib\rt.jar;C:\Java\jdk1.5.0_04\jre\lib\i18n.jar;C:\Java\jdk1.5.0_04\jre\lib\sunrsasign.jar;C:\Java\jdk1.5.0_04\jre\lib\jsse.jar;C:\Java\jdk1.5.0_04\jre\lib\jce.jar;C:\Java\jdk1.5.0_04\jre\lib\charsets.jar;C:\Java\jdk1.5.0_04\jre\classes" name="sun.boot.class.path"/>
    <property value="Sun Microsystems Inc." name="java.vendor"/>
    <property value="C:\etc\maven\maven-2.0.1" name="maven.home"/>
    <property value="C:\Documents and Settings\GLONGMAN.GLONGMAN\.m2\repository" name="localRepository"/>
    <property value="\" name="file.separator"/>
    <property value="http://java.sun.com/cgi-bin/bugreport.cgi" name="java.vendor.url.bug"/>
    <property value="little" name="sun.cpu.endian"/>
    <property value="UnicodeLittle" name="sun.io.unicode.encoding"/>
    <property value="windows" name="sun.desktop"/>
    <property value="" name="sun.cpu.isalist"/>
  </properties>
  <testcase time="0.047" name="testConstructor"/>
  <testcase time="0" name="testConstructor1"/>
  <testcase time="0" name="testConstructor2"/>
  <testcase time="0.015" name="testConstructor3"/>
  <testcase time="0" name="testConstructor4"/>
  <testcase time="0" name="testResolveInFramework"/>
  <testcase time="0" name="testResolveInFramework1"/>
  <testcase time="0" name="testResolve"/>
  <testcase time="0" name="testResolveOverride"/>
  <testcase time="0" name="testResolveChildNoChild"/>
  <testcase time="0.016" name="testResolveChildMissing"/>
  <testcase time="0" name="testResolveChild"/>
  <testcase time="0" name="testResolveStandard"/>
  <testcase time="0" name="testResolveNullLibId"/>
  <testcase time="0" name="testResolveSpecial"/>
</testsuite>